GET /news/ 304 Thu, 24 Jan 2019 14:41:45 GMT
GET /news/ 304 Thu, 24 Jan 2019 14:41:52 GMT
GET /news/5 200 Thu, 24 Jan 2019 14:42:04 GMT
GET /news 200 Thu, 24 Jan 2019 14:47:57 GMT
POST /news 200 Thu, 24 Jan 2019 14:48:14 GMT
PUT /news/4 200 Thu, 24 Jan 2019 14:48:24 GMT
DELETE /news/6 200 Thu, 24 Jan 2019 14:48:32 GMT
GET /news 500 Fri, 01 Feb 2019 12:57:09 GMT
GET /news 500 Fri, 01 Feb 2019 13:01:36 GMT
GET /news 200 Fri, 01 Feb 2019 13:09:07 GMT
GET /news 200 Fri, 01 Feb 2019 13:10:30 GMT
GET /news 404 Fri, 01 Feb 2019 13:10:43 GMT
GET /news 404 Fri, 01 Feb 2019 13:10:53 GMT
GET /news 200 Fri, 01 Feb 2019 13:23:29 GMT
GET /news 200 Fri, 01 Feb 2019 13:28:04 GMT
GET /news 200 Fri, 01 Feb 2019 13:28:37 GMT
GET /news 200 Fri, 01 Feb 2019 13:28:45 GMT
GET /news 200 Fri, 01 Feb 2019 13:30:43 GMT
GET /news 200 Fri, 01 Feb 2019 13:33:49 GMT
GET /news/1 200 Fri, 01 Feb 2019 13:43:50 GMT
GET /news/2 200 Fri, 01 Feb 2019 13:44:05 GMT
GET /news/3 404 Fri, 01 Feb 2019 13:44:11 GMT
POST /news 500 Fri, 01 Feb 2019 13:51:23 GMT
POST /news 500 Fri, 01 Feb 2019 13:51:45 GMT
POST /news 500 Fri, 01 Feb 2019 13:52:31 GMT
POST /news 404 Fri, 01 Feb 2019 14:53:08 GMT
POST /news 404 Fri, 01 Feb 2019 14:55:16 GMT
POST /news 404 Fri, 01 Feb 2019 14:56:02 GMT
POST /news 404 Fri, 01 Feb 2019 14:57:19 GMT
POST /news 200 Fri, 01 Feb 2019 14:59:39 GMT
POST /news 200 Fri, 01 Feb 2019 15:00:07 GMT
POST /news 500 Fri, 01 Feb 2019 15:13:38 GMT
POST /news 500 Fri, 01 Feb 2019 15:13:51 GMT
POST /news 200 Fri, 01 Feb 2019 15:15:06 GMT
POST /news 200 Fri, 01 Feb 2019 15:16:23 GMT
GET /news/3 200 Fri, 01 Feb 2019 15:17:51 GMT
DELETE /news/8 404 Fri, 01 Feb 2019 15:43:36 GMT
DELETE /news/7 200 Fri, 01 Feb 2019 15:43:41 GMT
DELETE /news/7 404 Fri, 01 Feb 2019 15:44:27 GMT
DELETE /news/7 404 Fri, 01 Feb 2019 15:44:51 GMT
DELETE /news/6 200 Fri, 01 Feb 2019 15:44:55 GMT
PUT /news/15 200 Fri, 01 Feb 2019 15:48:32 GMT
PUT /news/16 200 Fri, 01 Feb 2019 15:54:15 GMT
PUT /news/5 200 Fri, 01 Feb 2019 15:55:00 GMT
PUT /news/5 200 Fri, 01 Feb 2019 15:55:20 GMT
PUT /news/55 200 Fri, 01 Feb 2019 15:56:45 GMT
POST /auth/register 200 Sun, 03 Feb 2019 15:41:50 GMT
POST /auth/register 200 Sun, 03 Feb 2019 20:39:58 GMT
GET / 404 Sun, 03 Feb 2019 20:42:35 GMT
POST /auth/register 302 Sun, 03 Feb 2019 20:59:02 GMT
GET / 404 Sun, 03 Feb 2019 20:59:02 GMT
POST /auth/register 200 Sun, 03 Feb 2019 20:59:47 GMT
POST /auth/login 500 Sun, 03 Feb 2019 21:10:37 GMT
POST /auth/login 401 Sun, 03 Feb 2019 21:12:35 GMT
GET /articles 404 Sun, 03 Feb 2019 21:13:24 GMT
GET /news 200 Sun, 03 Feb 2019 21:13:34 GMT
GET /AUTH/LOGOUT 302 Sun, 03 Feb 2019 21:14:22 GMT
GET / 404 Sun, 03 Feb 2019 21:14:22 GMT
GET /auth/logout 302 Sun, 03 Feb 2019 21:14:39 GMT
GET / 404 Sun, 03 Feb 2019 21:14:39 GMT
GET /auth/logout 200 Sun, 03 Feb 2019 21:15:05 GMT
GET /news 200 Sun, 03 Feb 2019 21:19:01 GMT
GET /news/1 200 Sun, 03 Feb 2019 21:19:06 GMT
POST /auth/login 200 Sun, 03 Feb 2019 21:19:23 GMT
GET /news 200 Sun, 03 Feb 2019 21:19:35 GMT
POST /auth/register 200 Sun, 03 Feb 2019 21:26:00 GMT
POST /auth/register 200 Sun, 03 Feb 2019 21:29:00 GMT
POST /auth/register 200 Sun, 03 Feb 2019 21:34:40 GMT
POST /auth/register 200 Sun, 03 Feb 2019 21:35:44 GMT
POST /auth/login 200 Sun, 03 Feb 2019 21:37:02 GMT
POST /auth/login 200 Sun, 03 Feb 2019 21:38:24 GMT
POST /auth/login 200 Sun, 03 Feb 2019 21:40:07 GMT
POST /auth/login 200 Sun, 03 Feb 2019 21:41:08 GMT
POST /auth/register 200 Mon, 04 Feb 2019 12:10:50 GMT
GET /news/1 200 Mon, 04 Feb 2019 12:11:50 GMT
GET /auth/login 404 Mon, 04 Feb 2019 12:12:19 GMT
POST /auth/login 200 Mon, 04 Feb 2019 12:12:31 GMT
GET /news/1 200 Mon, 04 Feb 2019 12:12:46 GMT
DELETE /news/44 404 Mon, 04 Feb 2019 12:14:17 GMT
GET /auth/logout 200 Mon, 04 Feb 2019 12:15:02 GMT
DELETE /news/44 200 Mon, 04 Feb 2019 12:15:40 GMT
POST /auth/login 200 Mon, 04 Feb 2019 19:47:22 GMT
GET /news 200 Wed, 27 Feb 2019 16:29:07 GMT
GET /news 304 Wed, 27 Feb 2019 16:29:07 GMT
GET /news 304 Wed, 27 Feb 2019 16:29:12 GMT
GET /news 304 Wed, 27 Feb 2019 16:29:24 GMT
GET /news 304 Wed, 27 Feb 2019 16:29:24 GMT
POST /news 200 Wed, 27 Feb 2019 16:30:24 GMT
GET /news 200 Wed, 27 Feb 2019 16:30:24 GMT
GET /news 304 Wed, 27 Feb 2019 16:30:24 GMT
GET /news 200 Wed, 27 Feb 2019 16:30:24 GMT
GET /news 200 Wed, 27 Feb 2019 16:31:16 GMT
GET /news 304 Wed, 27 Feb 2019 16:31:16 GMT
GET /news 304 Wed, 27 Feb 2019 16:31:20 GMT
GET /news 304 Wed, 27 Feb 2019 16:31:20 GMT
GET /news 304 Wed, 27 Feb 2019 16:31:28 GMT
POST /news 200 Wed, 27 Feb 2019 16:31:28 GMT
GET /news 200 Wed, 27 Feb 2019 16:31:28 GMT
GET /news 200 Wed, 27 Feb 2019 16:31:28 GMT
GET /news 304 Wed, 27 Feb 2019 16:31:52 GMT
GET /news 304 Wed, 27 Feb 2019 16:31:52 GMT
GET /news 200 Wed, 27 Feb 2019 16:32:36 GMT
GET /news 304 Wed, 27 Feb 2019 16:32:36 GMT
GET /news 304 Wed, 27 Feb 2019 16:32:41 GMT
POST /news 200 Wed, 27 Feb 2019 16:32:41 GMT
GET /news 200 Wed, 27 Feb 2019 16:32:41 GMT
GET /news 200 Wed, 27 Feb 2019 16:32:41 GMT
GET /news 304 Wed, 27 Feb 2019 16:34:13 GMT
GET /news 304 Wed, 27 Feb 2019 16:34:13 GMT
GET /news 304 Wed, 27 Feb 2019 16:34:28 GMT
GET /news 304 Wed, 27 Feb 2019 16:34:28 GMT
GET /news 200 Wed, 27 Feb 2019 16:34:42 GMT
GET /news 304 Wed, 27 Feb 2019 16:34:42 GMT
OPTIONS /news 200 Wed, 27 Feb 2019 16:34:49 GMT
GET /news 304 Wed, 27 Feb 2019 16:34:50 GMT
GET /news 304 Wed, 27 Feb 2019 16:34:50 GMT
GET /news 304 Wed, 27 Feb 2019 16:36:15 GMT
GET /news 304 Wed, 27 Feb 2019 16:36:15 GMT
OPTIONS /news 200 Wed, 27 Feb 2019 16:36:21 GMT
GET /news 304 Wed, 27 Feb 2019 16:36:21 GMT
GET /news 304 Wed, 27 Feb 2019 16:36:21 GMT
GET /news 304 Wed, 27 Feb 2019 16:37:46 GMT
GET /news 304 Wed, 27 Feb 2019 16:37:46 GMT
GET /news 304 Wed, 27 Feb 2019 16:37:48 GMT
GET /news 304 Wed, 27 Feb 2019 16:37:48 GMT
OPTIONS /news 200 Wed, 27 Feb 2019 16:37:57 GMT
GET /news 304 Wed, 27 Feb 2019 16:37:57 GMT
GET /news 304 Wed, 27 Feb 2019 16:37:57 GMT
POST /news 200 Wed, 27 Feb 2019 16:37:57 GMT
GET /news 200 Wed, 27 Feb 2019 16:37:57 GMT
OPTIONS /news/5c5462213529c5bd20f898ee 200 Wed, 27 Feb 2019 16:38:10 GMT
GET /news 304 Wed, 27 Feb 2019 16:38:10 GMT
PUT /news/5c5462213529c5bd20f898ee 200 Wed, 27 Feb 2019 16:38:10 GMT
GET /news 304 Wed, 27 Feb 2019 16:38:10 GMT
GET /news 304 Wed, 27 Feb 2019 16:38:10 GMT
GET /news 304 Wed, 27 Feb 2019 16:38:27 GMT
GET /news 304 Wed, 27 Feb 2019 16:38:27 GMT
GET /news 304 Wed, 27 Feb 2019 16:40:25 GMT
GET /news 304 Wed, 27 Feb 2019 16:40:25 GMT
GET /news 304 Wed, 27 Feb 2019 16:40:27 GMT
GET /news 304 Wed, 27 Feb 2019 16:40:27 GMT
GET /news 304 Wed, 27 Feb 2019 16:40:31 GMT
GET /news 304 Wed, 27 Feb 2019 16:40:31 GMT
GET /news 304 Wed, 27 Feb 2019 16:40:34 GMT
GET /news 304 Wed, 27 Feb 2019 16:40:34 GMT
GET /news 200 Wed, 27 Feb 2019 16:42:27 GMT
GET /news 304 Wed, 27 Feb 2019 16:42:27 GMT
OPTIONS /news 200 Wed, 27 Feb 2019 16:42:34 GMT
GET /news 304 Wed, 27 Feb 2019 16:42:34 GMT
GET /news 304 Wed, 27 Feb 2019 16:42:34 GMT
POST /news 200 Wed, 27 Feb 2019 16:42:34 GMT
GET /news 200 Wed, 27 Feb 2019 16:42:34 GMT
GET /news 304 Wed, 27 Feb 2019 16:43:12 GMT
GET /news 304 Wed, 27 Feb 2019 16:43:12 GMT
GET /news 200 Wed, 27 Feb 2019 16:47:16 GMT
GET /news 304 Wed, 27 Feb 2019 16:47:16 GMT
OPTIONS /news 200 Wed, 27 Feb 2019 16:47:22 GMT
GET /news 304 Wed, 27 Feb 2019 16:47:22 GMT
GET /news 304 Wed, 27 Feb 2019 16:47:22 GMT
POST /news 200 Wed, 27 Feb 2019 16:47:22 GMT
GET /news 200 Wed, 27 Feb 2019 16:47:22 GMT
OPTIONS /news/5c76bf1abbd2b219e06e6cc0 200 Wed, 27 Feb 2019 16:47:28 GMT
GET /news 304 Wed, 27 Feb 2019 16:47:28 GMT
PUT /news/5c76bf1abbd2b219e06e6cc0 200 Wed, 27 Feb 2019 16:47:29 GMT
GET /news 200 Wed, 27 Feb 2019 16:47:29 GMT
GET /news 304 Wed, 27 Feb 2019 16:47:29 GMT
OPTIONS /news/5c76bf1abbd2b219e06e6cc0 200 Wed, 27 Feb 2019 16:47:34 GMT
DELETE /news/5c76bf1abbd2b219e06e6cc0 200 Wed, 27 Feb 2019 16:47:34 GMT
OPTIONS /news/5c5462213529c5bd20f898ee 200 Wed, 27 Feb 2019 16:47:40 GMT
GET /news 200 Wed, 27 Feb 2019 16:47:40 GMT
GET /news 304 Wed, 27 Feb 2019 16:47:40 GMT
PUT /news/5c5462213529c5bd20f898ee 200 Wed, 27 Feb 2019 16:47:40 GMT
GET /news 200 Wed, 27 Feb 2019 16:47:40 GMT
GET /news 304 Wed, 27 Feb 2019 16:48:12 GMT
GET /news 304 Wed, 27 Feb 2019 16:48:12 GMT
OPTIONS /news 200 Wed, 27 Feb 2019 16:48:59 GMT
GET /news 304 Wed, 27 Feb 2019 16:48:59 GMT
POST /news 200 Wed, 27 Feb 2019 16:49:00 GMT
GET /news 200 Wed, 27 Feb 2019 16:49:00 GMT
GET /news 200 Wed, 27 Feb 2019 16:49:00 GMT
GET /news 304 Wed, 27 Feb 2019 16:49:06 GMT
GET /news 304 Wed, 27 Feb 2019 16:49:06 GMT
OPTIONS /news/5c76bf7bbbd2b219e06e6cc1 200 Wed, 27 Feb 2019 16:49:12 GMT
GET /news 304 Wed, 27 Feb 2019 16:49:12 GMT
PUT /news/5c76bf7bbbd2b219e06e6cc1 200 Wed, 27 Feb 2019 16:49:13 GMT
GET /news 200 Wed, 27 Feb 2019 16:49:13 GMT
GET /news 304 Wed, 27 Feb 2019 16:49:13 GMT
OPTIONS /news/5c76bf7bbbd2b219e06e6cc1 200 Wed, 27 Feb 2019 16:49:18 GMT
DELETE /news/5c76bf7bbbd2b219e06e6cc1 200 Wed, 27 Feb 2019 16:49:18 GMT
OPTIONS /news 200 Wed, 27 Feb 2019 16:49:28 GMT
GET /news 200 Wed, 27 Feb 2019 16:49:28 GMT
GET /news 304 Wed, 27 Feb 2019 16:49:28 GMT
POST /news 200 Wed, 27 Feb 2019 16:49:28 GMT
GET /news 200 Wed, 27 Feb 2019 16:49:28 GMT
GET /news 304 Wed, 27 Feb 2019 16:50:57 GMT
GET /news 304 Wed, 27 Feb 2019 16:50:57 GMT
OPTIONS /news/5c76bf98bbd2b219e06e6cc2 200 Wed, 27 Feb 2019 16:51:42 GMT
GET /news 304 Wed, 27 Feb 2019 16:51:42 GMT
PUT /news/5c76bf98bbd2b219e06e6cc2 200 Wed, 27 Feb 2019 16:51:42 GMT
GET /news 200 Wed, 27 Feb 2019 16:51:42 GMT
GET /news 304 Wed, 27 Feb 2019 16:51:42 GMT
GET /news 200 Wed, 27 Feb 2019 16:53:04 GMT
GET /news 200 Wed, 27 Feb 2019 16:53:04 GMT
OPTIONS /news/5c544bb03d5be9da70f46289 200 Wed, 27 Feb 2019 16:53:12 GMT
GET /news 304 Wed, 27 Feb 2019 16:53:12 GMT
PUT /news/5c544bb03d5be9da70f46289 200 Wed, 27 Feb 2019 16:53:12 GMT
GET /news 200 Wed, 27 Feb 2019 16:53:12 GMT
GET /news 304 Wed, 27 Feb 2019 16:53:13 GMT
GET /news 304 Wed, 27 Feb 2019 16:53:48 GMT
GET /news 304 Wed, 27 Feb 2019 16:55:22 GMT
GET /news 304 Wed, 27 Feb 2019 16:55:22 GMT
GET /news 304 Wed, 27 Feb 2019 16:55:27 GMT
GET /news 304 Wed, 27 Feb 2019 16:55:27 GMT
GET /news 304 Wed, 27 Feb 2019 16:55:34 GMT
GET /news 304 Wed, 27 Feb 2019 16:55:34 GMT
GET /news 304 Wed, 27 Feb 2019 17:01:56 GMT
GET /news 304 Wed, 27 Feb 2019 17:01:56 GMT
OPTIONS /news/5c544bb03d5be9da70f46289 200 Wed, 27 Feb 2019 17:02:05 GMT
GET /news 304 Wed, 27 Feb 2019 17:02:05 GMT
PUT /news/5c544bb03d5be9da70f46289 200 Wed, 27 Feb 2019 17:02:05 GMT
GET /news 200 Wed, 27 Feb 2019 17:02:05 GMT
GET /news 304 Wed, 27 Feb 2019 17:02:06 GMT
